1 1
2 2
3 3
4 2
5 5
6 2
7 7
8 2
9 3
10 2
11 11
12 2
13 13
14 2
15 3
16 2
17 17
18 2
19 19
20 2
21 3
22 2
23 23
24 2
25 5
26 2
27 3
28 2
29 29
30 2
31 31
32 2
33 3
34 2
35 5
36 2
37 37
38 2
39 3
40 2
41 41
42 2
43 43
44 2
45 3
46 2
47 47
48 2
49 7
50 2
51 3
52 2
53 53
54 2
55 5
56 2
57 3
58 2
59 59
60 2
61 61
62 2
63 3
64 2
65 5
66 2
67 67
68 2
69 3
70 2
71 71
72 2
73 73
74 2
75 3
76 2
77 7
78 2
79 79
80 2
81 3
82 2
83 83
84 2
85 5
86 2
87 3
88 2
89 89
90 2
91 7
92 2
93 3
94 2
95 5
96 2
97 97
98 2
99 3
100 2

1 1
2 2
3 3
4 2
5 5
6 2
7 7
8 2
9 3
10 2
11 11
12 2
13 13
14 2
15 3
16 2
17 17
18 2
19 19
20 2
21 3
22 2
23 23
24 2
25 5
26 2
27 3
28 2
29 29
30 2
31 31
32 2
33 3
34 2
35 5
36 2
37 37
38 2
39 3
40 2
41 41
42 2
43 43
44 2
45 3
46 2
47 47
48 2
49 7
50 2
51 3
52 2
53 53
54 2
55 5
56 2
57 3
58 2
59 59
60 2
61 61
62 2
63 3
64 2
65 5
66 2
67 67
68 2
69 3
70 2
71 71
72 2
73 73
74 2
75 3
76 2
77 7
78 2
79 79
80 2
81 3
82 2
83 83
84 2
85 5
86 2
87 3
88 2
89 89
90 2
91 7
92 2
93 3
94 2
95 5
96 2
97 97
98 2
99 3
100 2
101 101
102 2
103 103
104 2
105 3
106 2
107 107
108 2
109 109
110 2
111 3
112 2
113 113
114 2
115 5
116 2
117 3
118 2
119 7
120 2
121 11
122 2
123 3
124 2
125 5
126 2
127 127
128 2
129 3
130 2
131 131
132 2
133 7
134 2
135 3
136 2
137 137
138 2
139 139
140 2
141 3
142 2
143 11
144 2
145 5
146 2
147 3
148 2
149 149
150 2
151 151
152 2
153 3
154 2
155 5
156 2
157 157
158 2
159 3
160 2
161 7
162 2
163 163
164 2
165 3
166 2
167 167
168 2
169 13
170 2
171 3
172 2
173 173
174 2
175 5
176 2
177 3
178 2
179 179
180 2
181 181
182 2
183 3
184 2
185 5
186 2
187 11
188 2
189 3
190 2
191 191
192 2
193 193
194 2
195 3
196 2
197 197
198 2
199 199
200 2

